2021-11-14 15:22:40,789 INFO     client_class.py РЈСЃС‚Р°РЅРѕРІР»РµРЅРѕ СЃРѕРµРґРёРЅРµРЅРёРµ СЃ СЃРµСЂРІРµСЂРѕРј. РћС‚РІРµС‚ СЃРµСЂРІРµСЂР°: 200 : OK
2021-11-14 15:22:40,790 DEBUG    client_class.py test_0: Р—Р°РїСѓС‰РµРЅС‹ РїСЂРѕС†РµСЃСЃС‹
2021-11-14 15:22:41,301 INFO     client_class.py РЈСЃС‚Р°РЅРѕРІР»РµРЅРѕ СЃРѕРµРґРёРЅРµРЅРёРµ СЃ СЃРµСЂРІРµСЂРѕРј. РћС‚РІРµС‚ СЃРµСЂРІРµСЂР°: 200 : OK
2021-11-14 15:22:41,302 DEBUG    client_class.py test_1: Р—Р°РїСѓС‰РµРЅС‹ РїСЂРѕС†РµСЃСЃС‹
2021-11-14 15:22:42,304 INFO     client_class.py РЈСЃС‚Р°РЅРѕРІР»РµРЅРѕ СЃРѕРµРґРёРЅРµРЅРёРµ СЃ СЃРµСЂРІРµСЂРѕРј. РћС‚РІРµС‚ СЃРµСЂРІРµСЂР°: 200 : OK
2021-11-14 15:22:42,306 DEBUG    client_class.py test_2: Р—Р°РїСѓС‰РµРЅС‹ РїСЂРѕС†РµСЃСЃС‹
2021-11-14 15:23:01,512 INFO     client_class.py test_2: РћС‚РїСЂР°РІР»РµРЅРѕ СЃРѕРѕР±С‰РµРЅРёРµ РґР»СЏ РїРѕР»СЊР·РѕРІР°С‚РµР»СЏ test_1
2021-11-14 15:23:02,327 DEBUG    client_class.py test_1: РџРѕР»СѓС‡РµРЅРѕ СЃРѕРѕР±С‰РµРЅРёРµ РѕС‚ test_2
2021-11-14 15:23:23,022 INFO     client_class.py test_2: РћС‚РїСЂР°РІР»РµРЅРѕ СЃРѕРѕР±С‰РµРЅРёРµ РґР»СЏ РїРѕР»СЊР·РѕРІР°С‚РµР»СЏ test_0
2021-11-14 15:23:23,351 DEBUG    client_class.py test_0: РџРѕР»СѓС‡РµРЅРѕ СЃРѕРѕР±С‰РµРЅРёРµ РѕС‚ test_2
2021-11-14 15:23:54,593 INFO     client_class.py test_1: РћС‚РїСЂР°РІР»РµРЅРѕ СЃРѕРѕР±С‰РµРЅРёРµ РґР»СЏ РїРѕР»СЊР·РѕРІР°С‚РµР»СЏ test_2
2021-11-14 15:23:55,388 DEBUG    client_class.py test_2: РџРѕР»СѓС‡РµРЅРѕ СЃРѕРѕР±С‰РµРЅРёРµ РѕС‚ test_1
2021-11-14 15:24:02,395 INFO     client_class.py Р—Р°РІРµСЂС€РµРЅРёРµ СЂР°Р±РѕС‚С‹ РїРѕ РєРѕРјР°РЅРґРµ РїРѕР»СЊР·РѕРІР°С‚РµР»СЏ.
2021-11-14 15:24:02,397 CRITICAL client_class.py РџРѕС‚РµСЂСЏРЅРѕ СЃРѕРµРґРёРЅРµРЅРёРµ СЃ СЃРµСЂРІРµСЂРѕРј.
2021-11-14 15:24:06,812 INFO     client_class.py Р—Р°РІРµСЂС€РµРЅРёРµ СЂР°Р±РѕС‚С‹ РїРѕ РєРѕРјР°РЅРґРµ РїРѕР»СЊР·РѕРІР°С‚РµР»СЏ.
2021-11-14 15:24:11,573 INFO     client_class.py Р—Р°РІРµСЂС€РµРЅРёРµ СЂР°Р±РѕС‚С‹ РїРѕ РєРѕРјР°РЅРґРµ РїРѕР»СЊР·РѕРІР°С‚РµР»СЏ.
2021-11-14 15:24:12,408 CRITICAL client_class.py РџРѕС‚РµСЂСЏРЅРѕ СЃРѕРµРґРёРЅРµРЅРёРµ СЃ СЃРµСЂРІРµСЂРѕРј.
2021-12-20 15:24:48,593 INFO     client_class.py Установлено соединение с сервером. Ответ сервера: 200 : OK
2021-12-20 15:24:48,594 INFO     client_class.py Установлено соединение с сервером. Ответ сервера: 200 : OK
2021-12-20 15:24:48,594 DEBUG    client_class.py test1: Запущены процессы
2021-12-20 15:24:48,594 INFO     client_class.py Установлено соединение с сервером. Ответ сервера: 200 : OK
2021-12-20 15:24:48,595 DEBUG    client_class.py test3: Запущены процессы
2021-12-20 15:24:48,596 DEBUG    client_class.py test2: Запущены процессы
2021-12-20 15:25:06,740 INFO     client_class.py test2: Отправлено сообщение для пользователя test1
2021-12-20 15:25:07,700 DEBUG    client_class.py test1: Получено сообщение от test2
2021-12-20 15:25:25,208 INFO     client_class.py test1: Отправлено сообщение для пользователя test2
2021-12-20 15:25:25,805 DEBUG    client_class.py test2: Получено сообщение от test1
2021-12-20 15:25:32,130 INFO     client_class.py Завершение работы по команде пользователя.
2021-12-20 15:25:35,231 INFO     client_class.py Завершение работы по команде пользователя.
2021-12-20 15:25:40,449 INFO     client_class.py Завершение работы по команде пользователя.
2021-12-20 15:25:40,933 CRITICAL client_class.py Потеряно соединение с сервером.
